2022-08-06 15:36:14 - INFO - test
2022-08-06 17:28:51 - INFO - Удачный вход
2022-08-06 17:28:51 - INFO - Загружены все данные
2022-08-06 17:31:39 - INFO - Неудачный вход
2022-08-06 17:31:48 - INFO - Удачный вход
2022-08-06 17:31:48 - INFO - Загружены все данные
2022-08-06 17:33:37 - INFO - Удачный вход
2022-08-06 17:33:37 - INFO - Загружены все данные
2022-08-06 17:34:07 - INFO - Удачный вход
2022-08-06 17:34:07 - INFO - Загружены все данные
2022-08-06 17:34:22 - INFO - Удачный вход
2022-08-06 17:34:22 - INFO - Загружены все данные
2022-08-06 17:35:45 - INFO - Неудачный вход
2022-08-06 17:35:58 - INFO - Неудачный вход
2022-08-06 17:36:08 - INFO - Неудачный вход
2022-08-06 17:36:15 - INFO - Неудачный вход
2022-08-06 17:37:57 - INFO - Удачный вход
2022-08-06 17:37:57 - INFO - Загружены все данные
2022-08-06 17:38:08 - INFO - Записана новая строка
2022-08-06 17:38:24 - INFO - Записана новая строка
2022-08-06 17:39:34 - INFO - Удачный вход
2022-08-06 17:39:34 - INFO - Загружены все данные
2022-08-06 17:39:42 - INFO - Записана новая строка
2022-08-06 17:40:41 - INFO - Удачный вход
2022-08-06 17:40:41 - INFO - Загружены все данные
2022-08-06 17:40:59 - INFO - Записана новая строка
2022-08-06 17:42:12 - INFO - Удачный вход
2022-08-06 17:42:12 - INFO - Загружены все данные
2022-08-06 17:43:01 - INFO - Удачный вход
2022-08-06 17:43:01 - INFO - Загружены все данные
2022-08-06 17:43:59 - INFO - Удачный вход
2022-08-06 17:43:59 - INFO - Загружены все данные
2022-08-06 17:44:08 - INFO - Записана новая строка
2022-08-06 17:45:20 - INFO - Удачный вход
2022-08-06 17:45:53 - INFO - Удачный вход
2022-08-06 17:45:53 - INFO - Загружены все данные
2022-08-06 17:46:02 - INFO - Изменен приоритет
2022-08-06 17:48:11 - INFO - Удачный вход
2022-08-06 17:48:11 - INFO - Загружены все данные
2022-08-06 17:48:22 - INFO - Изменен приоритет
2022-08-06 17:50:06 - INFO - Удачный вход
2022-08-06 17:50:06 - INFO - Загружены все данные
2022-08-06 17:51:14 - INFO - Удачный вход
2022-08-06 17:51:14 - INFO - Загружены все данные
2022-08-06 17:51:22 - INFO - Записана новая строка
2022-08-06 17:54:34 - INFO - Удачный вход
2022-08-06 17:54:34 - INFO - Загружены все данные
2022-08-06 17:54:59 - INFO - Удачный вход
2022-08-06 17:54:59 - INFO - Загружены все данные
2022-08-06 17:55:05 - INFO - Удвлена задача
2022-08-06 17:56:45 - INFO - Удачный вход
2022-08-06 17:56:45 - INFO - Загружены все данные
2022-08-06 17:56:53 - INFO - Изменен приоритет
2022-08-06 17:58:03 - INFO - Удачный вход
2022-08-06 17:58:03 - INFO - Загружены все данные
2022-08-06 17:58:11 - INFO - Изменен приоритет
2022-08-06 17:58:11 - INFO - Загружены все данные
2022-08-06 17:58:37 - INFO - Удвлена задача
2022-08-06 17:58:37 - INFO - Загружены все данные
2022-08-06 17:58:45 - INFO - Выполнено задание
2022-08-06 17:58:45 - INFO - Загружены все данные
2022-08-06 17:59:08 - INFO - Обнавлено задание
2022-08-06 17:59:08 - INFO - Загружены все данные
2022-08-06 18:00:34 - INFO - Обнавлено задание
2022-08-06 18:00:34 - INFO - Загружены все данные
2022-08-06 18:02:32 - INFO - Удачный вход
2022-08-06 18:02:32 - INFO - Загружены все данные
